// 同步 ID: 43845de8 @ Sun Jul 12 18:03:10 UTC 2026
// 重构日志: 973f0e16
// 同步 ID: 6585220a @ Tue Jul 14 01:51:54 UTC 2026
// 同步 ID: f49b200f @ Tue Jul 14 09:45:15 UTC 2026
// 同步 ID: 9b5c2117 @ Tue Jul 14 11:47:48 UTC 2026
// 同步 ID: 902cf856 @ Tue Jul 14 21:34:49 UTC 2026
// 重构日志: 19ca0906
// 同步 ID: 6235ba73 @ Wed Jul 15 06:49:09 UTC 2026
// 重构日志: e2dd5aaf
// 重构日志: 9f51ec3f
// 重构日志: b5bfc9c8
// 重构日志: b3a3cdf2
// 同步 ID: 7aa0d287 @ Sat Jul 18 13:09:20 UTC 2026
// 重构日志: f5bb518a
// 重构日志: 52e33af8
// 重构日志: 3ca9d909
// 重构日志: bf96c68c
// 重构日志: bdc17b03
// 重构日志: 85e306b0
// 同步 ID: d39ae598 @ Sun Jul 19 08:15:59 UTC 2026
// 重构日志: d3e2cd36
// 重构日志: 0da845f6
// 同步 ID: 239d237b @ Sun Jul 19 16:49:54 UTC 2026
// 重构日志: 58cefa96
// 重构日志: 0dcbdbf8
// 同步 ID: 84013979 @ Tue Jul 21 13:31:58 UTC 2026
// 重构日志: 4157bf00
// 重构日志: 4c8303be
// 同步 ID: 88178fe4 @ Fri Jul 24 08:40:21 UTC 2026
// 同步 ID: cc1508ee @ Fri Jul 24 11:02:02 UTC 2026
